INFO 2023-02-09 07:09:08,660 views: Homepage was accessed at 2023-02-09 07:09:08.660482 hours!
INFO 2023-02-09 07:09:08,666 views:  landingpage was accessed at 2023-02-09 07:09:08.666378 hours!
INFO 2023-02-09 07:09:10,429 views: Signup was accessed at 2023-02-09 07:09:10.429615 hours!
INFO 2023-02-09 07:09:11,232 views:  landingpage was accessed at 2023-02-09 07:09:11.232917 hours!
INFO 2023-02-09 07:09:12,511 views: Signup was accessed at 2023-02-09 07:09:12.511659 hours!
INFO 2023-02-09 07:09:13,136 views:  landingpage was accessed at 2023-02-09 07:09:13.135956 hours!
INFO 2023-02-09 07:09:13,504 views: Signup was accessed at 2023-02-09 07:09:13.504787 hours!
INFO 2023-02-09 07:09:14,247 views: Signup was accessed at 2023-02-09 07:09:14.247557 hours!
INFO 2023-02-09 07:09:14,636 views:  landingpage was accessed at 2023-02-09 07:09:14.636552 hours!
INFO 2023-02-09 07:09:15,463 views:  landingpage was accessed at 2023-02-09 07:09:15.463165 hours!
INFO 2023-02-09 07:09:18,599 views: Homepage was accessed at 2023-02-09 07:09:18.599829 hours!
INFO 2023-02-09 07:09:18,606 views:  landingpage was accessed at 2023-02-09 07:09:18.606367 hours!
INFO 2023-02-09 07:15:24,315 views: Signup was accessed at 2023-02-09 07:15:24.314842 hours!
INFO 2023-02-09 07:32:32,500 views: user successfully logged out
INFO 2023-02-09 07:32:34,824 views:  landingpage was accessed at 2023-02-09 07:32:34.824883 hours!
INFO 2023-02-09 07:32:35,566 views: Signup was accessed at 2023-02-09 07:32:35.566067 hours!
INFO 2023-02-09 07:32:45,964 views: successfully logged in
INFO 2023-02-09 07:32:48,727 views: user successfully logged out
WARNING 2023-02-09 07:32:54,225 views: Inavlid credentials
INFO 2023-02-09 08:36:30,295 views:  landingpage was accessed at 2023-02-09 08:36:30.295380 hours!
INFO 2023-02-09 08:36:35,993 views:  landingpage was accessed at 2023-02-09 08:36:35.993805 hours!
INFO 2023-02-09 08:36:37,028 views: Signup was accessed at 2023-02-09 08:36:37.028192 hours!
INFO 2023-02-09 08:36:41,063 views:  landingpage was accessed at 2023-02-09 08:36:41.063873 hours!
INFO 2023-02-09 08:37:03,190 views:  landingpage was accessed at 2023-02-09 08:37:03.190118 hours!
INFO 2023-02-09 08:37:03,199 views: successfully details saved for contact us2023-02-09 08:37:03.199248 hours!
INFO 2023-02-09 08:37:03,209 views:  landingpage was accessed at 2023-02-09 08:37:03.209686 hours!
INFO 2023-02-09 08:37:10,287 views: Signup was accessed at 2023-02-09 08:37:10.287907 hours!
INFO 2023-02-09 08:37:49,136 views: Signup was accessed at 2023-02-09 08:37:49.136050 hours!
ERROR 2023-02-09 08:37:49,138 views: <ul class="errorlist nonfield"><li>Password Not Matched</li></ul>
INFO 2023-02-09 08:37:49,156 views: Signup was accessed at 2023-02-09 08:37:49.156907 hours!
INFO 2023-02-09 08:38:24,571 views: Signup was accessed at 2023-02-09 08:38:24.571129 hours!
INFO 2023-02-09 08:38:24,936 views: Customer Data successfully saved
INFO 2023-02-09 08:38:24,942 views: Credentials Data successfully saved
INFO 2023-02-09 08:38:38,834 views: successfully logged in
INFO 2023-02-09 08:42:51,715 views:  landingpage was accessed at 2023-02-09 08:42:51.715581 hours!
INFO 2023-02-09 08:42:51,822 views: user successfully logged out
INFO 2023-02-09 08:42:51,825 views: Signup was accessed at 2023-02-09 08:42:51.825508 hours!
INFO 2023-02-09 08:43:14,738 views:  landingpage was accessed at 2023-02-09 08:43:14.738620 hours!
INFO 2023-02-09 08:43:14,752 views: user successfully logged out
INFO 2023-02-09 08:43:14,753 views: Signup was accessed at 2023-02-09 08:43:14.753785 hours!
INFO 2023-02-09 08:44:19,573 views: Homepage was accessed at 2023-02-09 08:44:19.573867 hours!
INFO 2023-02-09 08:44:19,585 views:  landingpage was accessed at 2023-02-09 08:44:19.585349 hours!
INFO 2023-02-09 08:44:44,924 views: successfully logged in
INFO 2023-02-09 08:47:36,189 views: user successfully logged out
INFO 2023-02-09 08:47:46,071 views: Signup was accessed at 2023-02-09 08:47:46.071334 hours!
INFO 2023-02-09 08:47:46,829 views:  landingpage was accessed at 2023-02-09 08:47:46.829536 hours!
INFO 2023-02-09 08:47:47,239 views:  landingpage was accessed at 2023-02-09 08:47:47.239232 hours!
INFO 2023-02-09 08:58:25,120 views: Signup was accessed at 2023-02-09 08:58:25.119875 hours!
INFO 2023-02-09 08:58:25,550 views: Signup was accessed at 2023-02-09 08:58:25.550366 hours!
INFO 2023-02-09 08:59:06,389 views: Signup was accessed at 2023-02-09 08:59:06.389683 hours!
INFO 2023-02-09 08:59:06,619 views: Customer Data successfully saved
INFO 2023-02-09 08:59:06,625 views: Credentials Data successfully saved
ERROR 2023-02-09 08:59:17,294 views: Inavlid credentials
ERROR 2023-02-09 08:59:28,690 views: Inavlid credentials
INFO 2023-02-09 09:00:17,055 views: successfully logged in
INFO 2023-02-09 09:00:17,079 views: transaction data logged in successfully
INFO 2023-02-09 09:00:21,465 views: user successfully logged out
INFO 2023-02-09 09:00:25,963 views: Signup was accessed at 2023-02-09 09:00:25.963169 hours!
INFO 2023-02-09 09:00:36,077 views: successfully logged in
INFO 2023-02-09 09:00:36,098 views: transaction data logged in successfully
ERROR 2023-02-09 09:00:43,647 views: Invalid account details
INFO 2023-02-09 09:00:43,674 views: transaction data logged in successfully
ERROR 2023-02-09 09:03:56,769 views: Invalid account details
INFO 2023-02-09 09:03:56,815 views: transaction data logged in successfully
INFO 2023-02-09 09:04:23,233 views: Transaction completed
INFO 2023-02-09 09:04:23,268 views: transaction data logged in successfully
INFO 2023-02-09 09:13:42,291 views: Homepage was accessed at 2023-02-09 09:13:42.291295 hours!
INFO 2023-02-09 09:18:20,992 views: Homepage was accessed at 2023-02-09 09:18:20.992395 hours!
INFO 2023-02-09 09:18:21,004 views:  landingpage was accessed at 2023-02-09 09:18:21.004754 hours!
INFO 2023-02-09 09:18:30,147 views: Homepage was accessed at 2023-02-09 09:18:30.147603 hours!
INFO 2023-02-09 09:18:30,151 views:  landingpage was accessed at 2023-02-09 09:18:30.151754 hours!
INFO 2023-02-09 09:18:42,461 views: Homepage was accessed at 2023-02-09 09:18:42.461571 hours!
INFO 2023-02-09 09:18:42,463 views:  landingpage was accessed at 2023-02-09 09:18:42.463431 hours!
INFO 2023-02-09 09:18:59,900 views: Signup was accessed at 2023-02-09 09:18:59.900192 hours!
INFO 2023-02-09 09:19:00,259 views: Signup was accessed at 2023-02-09 09:19:00.259730 hours!
INFO 2023-02-09 09:19:02,249 views:  landingpage was accessed at 2023-02-09 09:19:02.249007 hours!
INFO 2023-02-09 09:19:36,641 views:  landingpage was accessed at 2023-02-09 09:19:36.641900 hours!
ERROR 2023-02-09 09:19:36,643 views: Failed to save data2023-02-09 09:19:36.643004 hours!
INFO 2023-02-09 09:19:36,652 views:  landingpage was accessed at 2023-02-09 09:19:36.652156 hours!
INFO 2023-02-09 09:20:03,040 views:  landingpage was accessed at 2023-02-09 09:20:03.040264 hours!
INFO 2023-02-09 09:20:03,046 views: successfully details saved for contact us2023-02-09 09:20:03.046180 hours!
INFO 2023-02-09 09:20:03,050 views:  landingpage was accessed at 2023-02-09 09:20:03.050836 hours!
INFO 2023-02-09 09:20:20,448 views: Signup was accessed at 2023-02-09 09:20:20.448747 hours!
INFO 2023-02-09 09:22:04,436 views: Signup was accessed at 2023-02-09 09:22:04.436811 hours!
ERROR 2023-02-09 09:22:04,438 views: <ul class="errorlist nonfield"><li>Password Not Matched</li></ul>
INFO 2023-02-09 09:22:04,442 views: Signup was accessed at 2023-02-09 09:22:04.442687 hours!
INFO 2023-02-09 09:22:38,769 views: Signup was accessed at 2023-02-09 09:22:38.769488 hours!
INFO 2023-02-09 09:22:38,988 views: Customer Data successfully saved
INFO 2023-02-09 09:22:38,989 views: Credentials Data successfully saved
INFO 2023-02-09 09:23:24,714 views: Signup was accessed at 2023-02-09 09:23:24.714514 hours!
INFO 2023-02-09 09:23:57,254 views: Signup was accessed at 2023-02-09 09:23:57.253961 hours!
ERROR 2023-02-09 09:23:57,260 views: <ul class="errorlist nonfield"><li>Phone number must be of 10 digits</li></ul>
INFO 2023-02-09 09:23:57,278 views: Signup was accessed at 2023-02-09 09:23:57.278580 hours!
INFO 2023-02-09 09:26:40,629 views: Signup was accessed at 2023-02-09 09:26:40.629026 hours!
ERROR 2023-02-09 09:26:40,636 views: <ul class="errorlist nonfield"><li>Phone number must be of 10 digits &amp; Password Not Matched </li></ul>
INFO 2023-02-09 09:26:40,657 views: Signup was accessed at 2023-02-09 09:26:40.657826 hours!
INFO 2023-02-09 09:29:26,323 views: Signup was accessed at 2023-02-09 09:29:26.322985 hours!
INFO 2023-02-09 09:29:41,029 views: Signup was accessed at 2023-02-09 09:29:41.029510 hours!
ERROR 2023-02-09 09:29:41,036 views: <ul class="errorlist nonfield"><li> Password Not Matched &amp; Phone number must be of 10 digits</li></ul>
INFO 2023-02-09 09:29:41,055 views: Signup was accessed at 2023-02-09 09:29:41.055277 hours!
INFO 2023-02-09 09:30:10,019 views: Signup was accessed at 2023-02-09 09:30:10.019375 hours!
ERROR 2023-02-09 09:30:10,020 views: <ul class="errorlist nonfield"><li>Phone number must be of 10 digits</li></ul>
INFO 2023-02-09 09:30:10,026 views: Signup was accessed at 2023-02-09 09:30:10.026898 hours!
INFO 2023-02-09 09:30:59,832 views:  landingpage was accessed at 2023-02-09 09:30:59.831978 hours!
INFO 2023-02-09 09:33:06,684 views:  landingpage was accessed at 2023-02-09 09:33:06.684523 hours!
INFO 2023-02-09 09:34:02,179 views:  landingpage was accessed at 2023-02-09 09:34:02.179894 hours!
INFO 2023-02-09 09:34:25,828 views: Signup was accessed at 2023-02-09 09:34:25.828074 hours!
INFO 2023-02-09 09:35:00,274 views: Signup was accessed at 2023-02-09 09:35:00.274771 hours!
INFO 2023-02-09 09:35:00,502 views: Customer Data successfully saved
INFO 2023-02-09 09:35:00,503 views: Credentials Data successfully saved
INFO 2023-02-09 09:35:14,826 views: successfully logged in
INFO 2023-02-09 09:35:14,844 views: transaction data logged in successfully
INFO 2023-02-09 09:35:59,865 views: Transaction completed
INFO 2023-02-09 09:35:59,904 views: transaction data logged in successfully
INFO 2023-02-09 09:36:12,125 views: user successfully logged out
INFO 2023-02-09 09:38:32,877 views:  landingpage was accessed at 2023-02-09 09:38:32.877470 hours!
INFO 2023-02-09 09:38:32,904 views: user successfully logged out
INFO 2023-02-09 09:38:32,905 views: Signup was accessed at 2023-02-09 09:38:32.905544 hours!
INFO 2023-02-09 09:53:22,144 views: Homepage was accessed at 2023-02-09 09:53:22.144042 hours!
INFO 2023-02-09 09:53:22,156 views:  landingpage was accessed at 2023-02-09 09:53:22.156059 hours!
INFO 2023-02-09 09:55:15,711 views:  landingpage was accessed at 2023-02-09 09:55:15.710917 hours!
INFO 2023-02-09 09:55:15,719 views: successfully details saved for contact us2023-02-09 09:55:15.719152 hours!
INFO 2023-02-09 09:55:15,728 views:  landingpage was accessed at 2023-02-09 09:55:15.728181 hours!
INFO 2023-02-09 09:57:35,301 views: Signup was accessed at 2023-02-09 09:57:35.301241 hours!
INFO 2023-02-09 09:59:02,425 views: Signup was accessed at 2023-02-09 09:59:02.425079 hours!
ERROR 2023-02-09 09:59:02,427 views: <ul class="errorlist nonfield"><li> Password Not Matched &amp; Phone number must be of 10 digits</li></ul>
INFO 2023-02-09 09:59:02,453 views: Signup was accessed at 2023-02-09 09:59:02.453854 hours!
INFO 2023-02-09 09:59:36,499 views: Signup was accessed at 2023-02-09 09:59:36.499107 hours!
INFO 2023-02-09 09:59:36,764 views: Customer Data successfully saved
INFO 2023-02-09 09:59:36,770 views: Credentials Data successfully saved
INFO 2023-02-09 10:01:51,963 views: successfully logged in
INFO 2023-02-09 10:01:52,014 views: transaction data logged in successfully
ERROR 2023-02-09 10:02:24,899 views: Insufficent bank Balance
INFO 2023-02-09 10:02:24,931 views: transaction data logged in successfully
ERROR 2023-02-09 10:02:37,348 views: Invalid account details
INFO 2023-02-09 10:02:37,380 views: transaction data logged in successfully
INFO 2023-02-09 10:02:46,853 views: Transaction completed
INFO 2023-02-09 10:02:46,888 views: transaction data logged in successfully
INFO 2023-02-09 10:03:05,524 views: user successfully logged out
INFO 2023-02-09 10:03:50,657 views:  landingpage was accessed at 2023-02-09 10:03:50.657832 hours!
INFO 2023-02-09 10:03:58,850 views: Signup was accessed at 2023-02-09 10:03:58.849989 hours!
INFO 2023-02-09 10:04:20,469 views: Signup was accessed at 2023-02-09 10:04:20.469260 hours!
INFO 2023-02-09 10:04:36,715 views: successfully logged in
INFO 2023-02-09 10:04:36,741 views: transaction data logged in successfully
INFO 2023-02-09 10:04:57,696 views: Transaction completed
INFO 2023-02-09 10:04:57,720 views: transaction data logged in successfully
INFO 2023-02-09 10:05:02,445 views: transaction data logged in successfully
INFO 2023-02-09 10:05:13,117 views: transaction data logged in successfully
INFO 2023-02-09 10:05:14,735 views: user successfully logged out
ERROR 2023-02-09 10:05:28,241 views: Inavlid credentials
ERROR 2023-02-09 10:05:37,275 views: Inavlid credentials
INFO 2023-02-09 10:05:52,311 views: user successfully logged out
INFO 2023-02-09 10:06:05,529 views: successfully logged in
INFO 2023-02-09 10:06:05,552 views: transaction data logged in successfully
INFO 2023-02-09 10:43:23,781 views: Homepage was accessed at 2023-02-09 10:43:23.781520 hours!
INFO 2023-02-09 10:43:23,790 views:  landingpage was accessed at 2023-02-09 10:43:23.790708 hours!
INFO 2023-02-09 10:43:27,963 views: Signup was accessed at 2023-02-09 10:43:27.963608 hours!
INFO 2023-02-09 10:43:29,116 views: Homepage was accessed at 2023-02-09 10:43:29.116595 hours!
INFO 2023-02-09 10:43:29,120 views:  landingpage was accessed at 2023-02-09 10:43:29.120827 hours!
INFO 2023-02-10 07:41:09,089 views: Homepage was accessed at 2023-02-10 07:41:09.089353 hours!
INFO 2023-02-10 07:41:09,098 views:  landingpage was accessed at 2023-02-10 07:41:09.098069 hours!
INFO 2023-02-10 07:41:13,721 views: Signup was accessed at 2023-02-10 07:41:13.721715 hours!
INFO 2023-02-10 07:41:57,662 views: Signup was accessed at 2023-02-10 07:41:57.661949 hours!
ERROR 2023-02-10 07:41:57,668 views: <ul class="errorlist nonfield"><li>Password and Repassword not Matched</li></ul>
INFO 2023-02-10 07:41:57,697 views: Signup was accessed at 2023-02-10 07:41:57.697076 hours!
INFO 2023-02-10 07:42:26,361 views: Signup was accessed at 2023-02-10 07:42:26.361605 hours!
INFO 2023-02-10 07:42:26,625 views: Customer Data successfully saved
INFO 2023-02-10 07:42:26,632 views: Credentials Data successfully saved
INFO 2023-02-10 07:42:37,248 views: successfully logged in
INFO 2023-02-10 07:42:37,298 views: transaction data logged in successfully
INFO 2023-02-10 07:45:45,176 views: Transaction completed
INFO 2023-02-10 07:45:45,204 views: transaction data logged in successfully
INFO 2023-02-10 07:48:38,119 views: user successfully logged out
